C51 COMPILER V9.54   MAIN                                                                  07/06/2024 16:24:29 PAGE 1   


C51 COMPILER V9.54, COMPILATION OF MODULE MAIN
OBJECT MODULE PLACED IN .\Objects\main.obj
COMPILER INVOKED BY: D:\Desktop\51单片机入门教程资料\编程软件\C51\BIN\C51.EXE main.c OPTIMIZE(8,SPEED) BROWSE DEBUG OBJE
                    -CTEXTEND PRINT(.\Listings\main.lst) TABS(2) OBJECT(.\Objects\main.obj)

line level    source

   1          #include "car.h"
   2          #include "xunji.h"
   3          #include "Buzzer.h"
   4          void main()
   5          {
   6   1        Timer0_Init();
*** WARNING C206 IN LINE 6 OF main.c: 'Timer0_Init': missing function-prototype
   7   1        car_go();
   8   1        while(1)
   9   1        {
  10   2          xunji();  
  11   2        } 
  12   1      } 


MODULE INFORMATION:   STATIC OVERLAYABLE
   CODE SIZE        =     11    ----
   CONSTANT SIZE    =   ----    ----
   XDATA SIZE       =   ----    ----
   PDATA SIZE       =   ----    ----
   DATA SIZE        =   ----    ----
   IDATA SIZE       =   ----    ----
   BIT SIZE         =   ----    ----
END OF MODULE INFORMATION.


C51 COMPILATION COMPLETE.  1 WARNING(S),  0 ERROR(S)
