C51 COMPILER V9.54   MOTOR                                                                 07/06/2024 16:24:29 PAGE 1   


C51 COMPILER V9.54, COMPILATION OF MODULE MOTOR
OBJECT MODULE PLACED IN .\Objects\motor.obj
COMPILER INVOKED BY: D:\Desktop\51单片机入门教程资料\编程软件\C51\BIN\C51.EXE motor.c OPTIMIZE(8,SPEED) BROWSE DEBUG OBJ
                    -ECTEXTEND PRINT(.\Listings\motor.lst) TABS(2) OBJECT(.\Objects\motor.obj)

line level    source

   1          /********电机的正反转********/
   2          /*                         */
   3          /*LF左前 RF右前 LR左后 RR右后*/
   4          /*                          */
   5          /***********电机的正反转******/
   6          
   7          #include <REGX52.H>
   8          //位定义
   9          sbit IN11=P0^5;//左前轮
  10          sbit IN12=P0^6;
  11          
  12          sbit IN13=P0^3;//右前轮
  13          sbit IN14=P0^4;
  14          
  15          sbit IN21=P3^5;//左后轮
  16          sbit IN22=P3^6;
  17          
  18          sbit IN23=P3^3;//右后轮
  19          sbit IN24=P3^4;
  20          
  21          void LF_motor_go()  //左前电机左转
  22          {IN11=0;IN12=1;}
  23          void LF_motor_back()//左前电机反转
  24          {IN11=1;IN12=0;}  
  25          void LF_motor_stop()//左前电机停止
  26          {IN11=1;IN12=1;}
  27          void RF_motor_go()//右前电机正转
  28          {IN13=0;IN14=1;}
  29          void RF_motor_back()//右前电机反转
  30          {IN13=1;IN14=0;}
  31          void RF_motor_stop()//右前电机停止
  32          {IN13=1;IN14=1;}
  33          void LR_motor_go()//左后电机正转
  34          {IN21=1;IN22=0;}
  35          void LR_motor_back()//左后电机反转
  36          {IN21=0;IN22=1;}
  37          void LR_motor_stop()//左后电机停止
  38          {IN21=1;IN22=1;}
  39          void RR_motor_go()//右后电机正转
  40          {IN23=1;IN24=0;}  
  41          void RR_motor_back()//右后电机反转
  42          {IN23=0;IN24=1;}
  43          void RR_motor_stop()//右后电机停止
  44          {IN23=1;IN24=1;}
  45            
  46          
  47          
  48          
  49          
  50          
  51          
  52          
  53          
  54          
C51 COMPILER V9.54   MOTOR                                                                 07/06/2024 16:24:29 PAGE 2   

  55          
  56          
  57          
  58          
  59          
  60          
  61          
  62          
  63          
  64          
  65          
  66          
  67          


MODULE INFORMATION:   STATIC OVERLAYABLE
   CODE SIZE        =     60    ----
   CONSTANT SIZE    =   ----    ----
   XDATA SIZE       =   ----    ----
   PDATA SIZE       =   ----    ----
   DATA SIZE        =   ----    ----
   IDATA SIZE       =   ----    ----
   BIT SIZE         =   ----    ----
END OF MODULE INFORMATION.


C51 COMPILATION COMPLETE.  0 WARNING(S),  0 ERROR(S)
