C51 COMPILER V9.54   XUNJI                                                                 07/06/2024 16:24:29 PAGE 1   


C51 COMPILER V9.54, COMPILATION OF MODULE XUNJI
OBJECT MODULE PLACED IN .\Objects\xunji.obj
COMPILER INVOKED BY: D:\Desktop\51单片机入门教程资料\编程软件\C51\BIN\C51.EXE xunji.c OPTIMIZE(8,SPEED) BROWSE DEBUG OBJ
                    -ECTEXTEND PRINT(.\Listings\xunji.lst) TABS(2) OBJECT(.\Objects\xunji.obj)

line level    source

   1          #include <REGX52.H>
   2          #include "car.h"
   3          #include <intrins.h>
   4          
   5          sbit D1=P2^7;//右边红外模块
   6          sbit D2=P2^6;
   7          sbit D3=P2^5;
   8          sbit D4=P2^4;//左边红外模块
   9          
  10          void Delay50ms()    //@11.0592MHz
  11          {
  12   1        unsigned char i, j;
  13   1      
  14   1        i = 90;
  15   1        j = 163;
  16   1        do
  17   1        {
  18   2          while (--j);
  19   2        } while (--i);
  20   1      }
  21          void xunji()
  22          {
  23   1        if(D1==1&&D2==1&&D3==1&&D4==1)//全检测黑线
  24   1        {car_go();}
  25   1        if(D1==0&&D2==1&&D3==0&&D4==0)//中间右侧检测到黑线，小车偏左，小车向右移动
  26   1        {
  27   2          car_rightgo ();
  28   2          if(D1==0&&D2==0&&D3==0&&D4==0)
  29   2          {car_go();}
  30   2        } 
  31   1         if(D1==0&&D2==0&&D3==1&&D4==0)//中间左侧检测到黑线，小车偏右，小车向左移动
  32   1         {
  33   2          car_leftgo(); 
  34   2          if(D1==0&&D2==0&&D3==0&&D4==0)
  35   2          {car_go();}
  36   2         }
  37   1         if(D1==0&&D2==0&&D3==1&&D4==1)//直角左拐
  38   1         {
  39   2           car_go();
  40   2           Delay50ms();
  41   2           if(D1==0&&D2==0&&D3==0&&D4==0)
  42   2           {
  43   3             car_stop();
  44   3             Delay50ms();
  45   3             car_leftstop();
  46   3           }
  47   2         } 
  48   1          if(D1==1&&D2==1&&D3==0&&D4==0)//直角右拐
  49   1          {
  50   2            car_go();
  51   2            Delay50ms();
  52   2          if(D1==0&&D2==0&&D3==0&&D4==0)
  53   2            {
  54   3              car_stop;
C51 COMPILER V9.54   XUNJI                                                                 07/06/2024 16:24:29 PAGE 2   

*** WARNING C275 IN LINE 54 OF xunji.c: expression with possibly no effect
  55   3              Delay50ms();
  56   3              car_rightstop();
  57   3            } 
  58   2          } 
  59   1          if((D1==0&&D2==0&&D3==0&&D4==0)||(D1==0&&D2==1&&D3==0&&D4==1)||(D1==0&&D2==1&&D3==1&&D4==1))//锐角左拐
  60   1          {
  61   2            car_go();
  62   2            Delay50ms();
  63   2            Delay50ms();
  64   2          if(D1==0&&D2==0&&D3==0&&D4==0)
  65   2          {
  66   3            car_stop();
  67   3            Delay50ms();
  68   3            car_leftstop();     
  69   3          }     
  70   2        } 
  71   1          if((D1==1&&D2==0&&D3==0&&D4==0)||(D1==1&&D2==0&&D3==1&&D4==0)||(D1==1&&D2==1&&D3==1&&D4==0))//锐角右拐
  72   1          {
  73   2            car_go();
  74   2            Delay50ms();
  75   2            Delay50ms();
  76   2          if(D1==0&&D2==0&&D3==0&&D4==0)
  77   2          {
  78   3            car_stop();
  79   3            Delay50ms();
  80   3            car_leftstop(); 
  81   3          }
  82   2        }   
  83   1          if(D1==0&&D2==1&&D3==1&&D4==0)
  84   1          {
  85   2            if(D1==1)
  86   2            {
  87   3            car_rightstop();
  88   3            }
  89   2          }
  90   1          if(D1==0&&D2==1&&D3==1&&D4==0)
  91   1          {
  92   2            if(D4==1)
  93   2            {
  94   3              car_rightstop();
  95   3            }   
  96   2          }   
  97   1      } 
  98          
  99          
 100          
 101          
 102          
 103          
 104          
 105          
 106          
 107          
 108          
 109          
 110          
 111          
 112          
 113          
 114          
 115          
C51 COMPILER V9.54   XUNJI                                                                 07/06/2024 16:24:29 PAGE 3   

 116          
 117          
 118          
 119          
 120          
 121          


MODULE INFORMATION:   STATIC OVERLAYABLE
   CODE SIZE        =    328    ----
   CONSTANT SIZE    =   ----    ----
   XDATA SIZE       =   ----    ----
   PDATA SIZE       =   ----    ----
   DATA SIZE        =   ----    ----
   IDATA SIZE       =   ----    ----
   BIT SIZE         =   ----    ----
END OF MODULE INFORMATION.


C51 COMPILATION COMPLETE.  1 WARNING(S),  0 ERROR(S)
